<?xml version="1.0" encoding="UTF-8"?>
<testsuite name="Position Management Tests" tests="4" skipped="0" failures="0" errors="0" timestamp="2025-11-10T10:07:29.320Z" hostname="MacBook-Pro.local" time="0.002">
  <properties/>
  <testcase name="Should handle empty position list" classname="com.par_28.ship_battle.model.ShipTest$PositionTests" time="0.0"/>
  <testcase name="Should set and get positions" classname="com.par_28.ship_battle.model.ShipTest$PositionTests" time="0.0"/>
  <testcase name="Should verify if ship occupies a position" classname="com.par_28.ship_battle.model.ShipTest$PositionTests" time="0.0"/>
  <testcase name="Should return false for occupiesPosition when no positions set" classname="com.par_28.ship_battle.model.ShipTest$PositionTests" time="0.001"/>
  <system-out><![CDATA[]]></system-out>
  <system-err><![CDATA[]]></system-err>
</testsuite>
