<?xml version="1.0" encoding="UTF-8"?>
<testsuite name="EasyAI Edge Cases" tests="2" skipped="0" failures="0" errors="0" timestamp="2025-11-19T18:33:44.477Z" hostname="OHBADBOY" time="0.004">
  <properties/>
  <testcase name="Should use seed for deterministic behavior" classname="com.par_28.ship_battle.model.ai.EasyAITest$EdgeCaseTests" time="0.003"/>
  <testcase name="Should handle partially shot grid" classname="com.par_28.ship_battle.model.ai.EasyAITest$EdgeCaseTests" time="0.001"/>
  <system-out><![CDATA[randomIndex: 59
randomIndex: 59
randomIndex: 25
randomIndex: 25
randomIndex: 87
randomIndex: 87
randomIndex: 15
randomIndex: 15
randomIndex: 32
randomIndex: 32
randomIndex: 20
randomIndex: 20
randomIndex: 62
randomIndex: 62
randomIndex: 87
randomIndex: 87
randomIndex: 25
randomIndex: 25
randomIndex: 45
randomIndex: 45
randomIndex: 17
]]></system-out>
  <system-err><![CDATA[]]></system-err>
</testsuite>
