<?xml version="1.0" encoding="UTF-8"?>
<testsuite name="Integration Scenario Tests" tests="3" skipped="0" failures="0" errors="0" timestamp="2025-11-10T10:07:29.301Z" hostname="MacBook-Pro.local" time="0.001">
  <properties/>
  <testcase name="Should manage complete ship placement workflow" classname="com.par_28.ship_battle.model.PlayerTest$IntegrationTests" time="0.0"/>
  <testcase name="Should transition from alive to dead when all ships destroyed" classname="com.par_28.ship_battle.model.PlayerTest$IntegrationTests" time="0.0"/>
  <testcase name="Should handle multiple attacks correctly" classname="com.par_28.ship_battle.model.PlayerTest$IntegrationTests" time="0.0"/>
  <system-out><![CDATA[]]></system-out>
  <system-err><![CDATA[]]></system-err>
</testsuite>
