<?xml version="1.0" encoding="UTF-8"?>
<testsuite name="EasyAI State Management Tests" tests="2" skipped="0" failures="0" errors="0" timestamp="2025-11-19T18:33:44.483Z" hostname="OHBADBOY" time="0.003">
  <properties/>
  <testcase name="Should not change behavior after hits" classname="com.par_28.ship_battle.model.ai.EasyAITest$StateManagementTests" time="0.001"/>
  <testcase name="Should reset successfully" classname="com.par_28.ship_battle.model.ai.EasyAITest$StateManagementTests" time="0.001"/>
  <system-out><![CDATA[randomIndex: 82
randomIndex: 86
randomIndex: 88
randomIndex: 30
]]></system-out>
  <system-err><![CDATA[]]></system-err>
</testsuite>
