<?xml version="1.0" encoding="UTF-8"?>
<testsuite name="Turn Management Tests" tests="6" skipped="0" failures="0" errors="0" timestamp="2025-11-10T10:07:29.264Z" hostname="MacBook-Pro.local" time="0.004">
  <properties/>
  <testcase name="Should get correct opponent" classname="com.par_28.ship_battle.model.GameTest$TurnManagementTests" time="0.0"/>
  <testcase name="Should throw exception when playing turn on finished game" classname="com.par_28.ship_battle.model.GameTest$TurnManagementTests" time="0.001"/>
  <testcase name="Should increment turn counter after each turn" classname="com.par_28.ship_battle.model.GameTest$TurnManagementTests" time="0.0"/>
  <testcase name="Should play turn and attack opponent" classname="com.par_28.ship_battle.model.GameTest$TurnManagementTests" time="0.001"/>
  <testcase name="Should end game when opponent dies" classname="com.par_28.ship_battle.model.GameTest$TurnManagementTests" time="0.0"/>
  <testcase name="Should switch player after turn" classname="com.par_28.ship_battle.model.GameTest$TurnManagementTests" time="0.0"/>
  <system-out><![CDATA[]]></system-out>
  <system-err><![CDATA[]]></system-err>
</testsuite>
