<?xml version="1.0" encoding="UTF-8"?>
<testsuite name="Direction Management Tests" tests="2" skipped="0" failures="0" errors="0" timestamp="2025-11-19T18:33:44.390Z" hostname="OHBADBOY" time="0.001">
  <properties/>
  <testcase name="Should set and get direction" classname="com.par_28.ship_battle.model.ShipTest$DirectionTests" time="0.0"/>
  <testcase name="Should allow changing direction" classname="com.par_28.ship_battle.model.ShipTest$DirectionTests" time="0.0"/>
  <system-out><![CDATA[]]></system-out>
  <system-err><![CDATA[]]></system-err>
</testsuite>
