<?xml version="1.0" encoding="UTF-8"?>
<testsuite name="Coordinate Equality Tests" tests="8" skipped="0" failures="0" errors="0" timestamp="2025-11-10T10:07:29.213Z" hostname="MacBook-Pro.local" time="0.008">
  <properties/>
  <testcase name="Should handle equality with negative coordinates" classname="com.par_28.ship_battle.model.CoordinateTest$EqualityTests" time="0.0"/>
  <testcase name="Should be equal to itself" classname="com.par_28.ship_battle.model.CoordinateTest$EqualityTests" time="0.0"/>
  <testcase name="Should be equal to coordinate with same x and y" classname="com.par_28.ship_battle.model.CoordinateTest$EqualityTests" time="0.001"/>
  <testcase name="Should not be equal to null" classname="com.par_28.ship_battle.model.CoordinateTest$EqualityTests" time="0.001"/>
  <testcase name="Should handle equality with zero coordinates" classname="com.par_28.ship_battle.model.CoordinateTest$EqualityTests" time="0.0"/>
  <testcase name="Should not be equal to different object type" classname="com.par_28.ship_battle.model.CoordinateTest$EqualityTests" time="0.0"/>
  <testcase name="Should not be equal to coordinate with different x" classname="com.par_28.ship_battle.model.CoordinateTest$EqualityTests" time="0.0"/>
  <testcase name="Should not be equal to coordinate with different y" classname="com.par_28.ship_battle.model.CoordinateTest$EqualityTests" time="0.0"/>
  <system-out><![CDATA[]]></system-out>
  <system-err><![CDATA[]]></system-err>
</testsuite>
