<?xml version="1.0" encoding="UTF-8"?>
<testsuite name="Coordinate HashCode Tests" tests="4" skipped="0" failures="0" errors="0" timestamp="2025-11-10T10:07:29.208Z" hostname="MacBook-Pro.local" time="0.004">
  <properties/>
  <testcase name="Should have same hash code for equal coordinates" classname="com.par_28.ship_battle.model.CoordinateTest$HashCodeTests" time="0.001"/>
  <testcase name="Should be consistent across multiple calls" classname="com.par_28.ship_battle.model.CoordinateTest$HashCodeTests" time="0.0"/>
  <testcase name="Should handle zero coordinates hash code" classname="com.par_28.ship_battle.model.CoordinateTest$HashCodeTests" time="0.0"/>
  <testcase name="Different coordinates likely have different hash codes" classname="com.par_28.ship_battle.model.CoordinateTest$HashCodeTests" time="0.001"/>
  <system-out><![CDATA[]]></system-out>
  <system-err><![CDATA[]]></system-err>
</testsuite>
