<?xml version="1.0" encoding="UTF-8"?>
<testsuite name="Integration Scenario Tests" tests="2" skipped="0" failures="0" errors="0" timestamp="2025-11-10T10:07:29.276Z" hostname="MacBook-Pro.local" time="0.0">
  <properties/>
  <testcase name="Should handle complete game scenario" classname="com.par_28.ship_battle.model.GridTest$IntegrationTests" time="0.0"/>
  <testcase name="Should sink ship with multiple attacks" classname="com.par_28.ship_battle.model.GridTest$IntegrationTests" time="0.0"/>
  <system-out><![CDATA[]]></system-out>
  <system-err><![CDATA[]]></system-err>
</testsuite>
