<?xml version="1.0" encoding="UTF-8"?>
<testsuite name="Game Over and Winner Tests" tests="5" skipped="0" failures="0" errors="0" timestamp="2025-11-10T10:07:29.256Z" hostname="MacBook-Pro.local" time="0.004">
  <properties/>
  <testcase name="Should not be game over when game is ongoing" classname="com.par_28.ship_battle.model.GameTest$GameOverTests" time="0.001"/>
  <testcase name="Should return player2 as winner when player1 is dead" classname="com.par_28.ship_battle.model.GameTest$GameOverTests" time="0.001"/>
  <testcase name="Should return player1 as winner when player2 is dead" classname="com.par_28.ship_battle.model.GameTest$GameOverTests" time="0.0"/>
  <testcase name="Should be game over when state is GAME_OVER" classname="com.par_28.ship_battle.model.GameTest$GameOverTests" time="0.001"/>
  <testcase name="Should return null winner when game is not over" classname="com.par_28.ship_battle.model.GameTest$GameOverTests" time="0.001"/>
  <system-out><![CDATA[]]></system-out>
  <system-err><![CDATA[]]></system-err>
</testsuite>
