<?xml version="1.0" encoding="UTF-8"?>
<testsuite name="Coordinate Parsing Error Handling Tests" tests="4" skipped="0" failures="0" errors="0" timestamp="2025-11-10T10:07:29.222Z" hostname="MacBook-Pro.local" time="0.005">
  <properties/>
  <testcase name="Should throw exception for null input" classname="com.par_28.ship_battle.model.CoordinateTest$ParsingErrorTests" time="0.002"/>
  <testcase name="Should throw exception for whitespace only" classname="com.par_28.ship_battle.model.CoordinateTest$ParsingErrorTests" time="0.001"/>
  <testcase name="Should throw exception for empty string" classname="com.par_28.ship_battle.model.CoordinateTest$ParsingErrorTests" time="0.0"/>
  <testcase name="Should throw exception for special characters" classname="com.par_28.ship_battle.model.CoordinateTest$ParsingErrorTests" time="0.001"/>
  <system-out><![CDATA[]]></system-out>
  <system-err><![CDATA[]]></system-err>
</testsuite>
