<?xml version="1.0" encoding="UTF-8"?>
<testsuite name="Integration Scenario Tests" tests="2" skipped="0" failures="0" errors="0" timestamp="2025-11-10T10:07:29.316Z" hostname="MacBook-Pro.local" time="0.001">
  <properties/>
  <testcase name="Should verify position occupancy after placement" classname="com.par_28.ship_battle.model.ShipTest$IntegrationTests" time="0.001"/>
  <testcase name="Should handle complete ship lifecycle" classname="com.par_28.ship_battle.model.ShipTest$IntegrationTests" time="0.0"/>
  <system-out><![CDATA[]]></system-out>
  <system-err><![CDATA[]]></system-err>
</testsuite>
