<?xml version="1.0" encoding="UTF-8"?>
<testsuite name="Coordinate Parsing Tests - Letter Format" tests="9" skipped="0" failures="0" errors="0" timestamp="2025-11-10T10:07:29.228Z" hostname="MacBook-Pro.local" time="0.006">
  <properties/>
  <testcase name="Should parse large row numbers" classname="com.par_28.ship_battle.model.CoordinateTest$LetterFormatParsingTests" time="0.001"/>
  <testcase name="Should throw exception for letters only" classname="com.par_28.ship_battle.model.CoordinateTest$LetterFormatParsingTests" time="0.001"/>
  <testcase name="Should parse letter format case insensitive" classname="com.par_28.ship_battle.model.CoordinateTest$LetterFormatParsingTests" time="0.0"/>
  <testcase name="Should throw exception for numbers only without comma" classname="com.par_28.ship_battle.model.CoordinateTest$LetterFormatParsingTests" time="0.0"/>
  <testcase name="Should parse multi-letter column format" classname="com.par_28.ship_battle.model.CoordinateTest$LetterFormatParsingTests" time="0.001"/>
  <testcase name="Should parse letter format with spaces" classname="com.par_28.ship_battle.model.CoordinateTest$LetterFormatParsingTests" time="0.0"/>
  <testcase name="Should parse A1 format" classname="com.par_28.ship_battle.model.CoordinateTest$LetterFormatParsingTests" time="0.001"/>
  <testcase name="Should parse single letter with number" classname="com.par_28.ship_battle.model.CoordinateTest$LetterFormatParsingTests" time="0.0"/>
  <testcase name="Should throw exception for invalid number in letter format" classname="com.par_28.ship_battle.model.CoordinateTest$LetterFormatParsingTests" time="0.001"/>
  <system-out><![CDATA[]]></system-out>
  <system-err><![CDATA[]]></system-err>
</testsuite>
