<?xml version="1.0" encoding="UTF-8"?>
<testsuite name="Ship Type Tests" tests="5" skipped="0" failures="0" errors="0" timestamp="2025-11-19T18:33:44.379Z" hostname="OHBADBOY" time="0.004">
  <properties/>
  <testcase name="Should create Destroyer with correct properties" classname="com.par_28.ship_battle.model.ShipTest$ShipTypeTests" time="0.0"/>
  <testcase name="Should create Carrier with correct properties" classname="com.par_28.ship_battle.model.ShipTest$ShipTypeTests" time="0.0"/>
  <testcase name="Should create Cruiser with correct properties" classname="com.par_28.ship_battle.model.ShipTest$ShipTypeTests" time="0.0"/>
  <testcase name="Should create Torpedo with correct properties" classname="com.par_28.ship_battle.model.ShipTest$ShipTypeTests" time="0.001"/>
  <testcase name="All ship types should behave consistently" classname="com.par_28.ship_battle.model.ShipTest$ShipTypeTests" time="0.001"/>
  <system-out><![CDATA[]]></system-out>
  <system-err><![CDATA[]]></system-err>
</testsuite>
