<?xml version="1.0" encoding="UTF-8"?>
<testsuite name="Grid Initialization Tests" tests="6" skipped="0" failures="0" errors="0" timestamp="2025-11-10T10:07:29.295Z" hostname="MacBook-Pro.local" time="0.005">
  <properties/>
  <testcase name="Should initialize grid with correct dimensions" classname="com.par_28.ship_battle.model.GridTest$InitializationTests" time="0.001"/>
  <testcase name="Should throw exception for non-positive value for both dimension" classname="com.par_28.ship_battle.model.GridTest$InitializationTests" time="0.001"/>
  <testcase name="Should throw exception for non-positive width" classname="com.par_28.ship_battle.model.GridTest$InitializationTests" time="0.0"/>
  <testcase name="Should throw exception for non-positive height" classname="com.par_28.ship_battle.model.GridTest$InitializationTests" time="0.0"/>
  <testcase name="Should initialize all cells in grid" classname="com.par_28.ship_battle.model.GridTest$InitializationTests" time="0.0"/>
  <testcase name="Should handle different grid sizes" classname="com.par_28.ship_battle.model.GridTest$InitializationTests" time="0.0"/>
  <system-out><![CDATA[]]></system-out>
  <system-err><![CDATA[]]></system-err>
</testsuite>
