<?xml version="1.0" encoding="UTF-8"?>
<testsuite name="Coordinate Equality Tests" tests="8" skipped="0" failures="0" errors="0" timestamp="2025-11-19T18:33:44.105Z" hostname="OHBADBOY" time="0.018">
  <properties/>
  <testcase name="Should handle equality with negative coordinates" classname="com.par_28.ship_battle.model.CoordinateTest$EqualityTests" time="0.001"/>
  <testcase name="Should be equal to itself" classname="com.par_28.ship_battle.model.CoordinateTest$EqualityTests" time="0.001"/>
  <testcase name="Should be equal to coordinate with same x and y" classname="com.par_28.ship_battle.model.CoordinateTest$EqualityTests" time="0.001"/>
  <testcase name="Should not be equal to null" classname="com.par_28.ship_battle.model.CoordinateTest$EqualityTests" time="0.004"/>
  <testcase name="Should handle equality with zero coordinates" classname="com.par_28.ship_battle.model.CoordinateTest$EqualityTests" time="0.001"/>
  <testcase name="Should not be equal to different object type" classname="com.par_28.ship_battle.model.CoordinateTest$EqualityTests" time="0.0"/>
  <testcase name="Should not be equal to coordinate with different x" classname="com.par_28.ship_battle.model.CoordinateTest$EqualityTests" time="0.0"/>
  <testcase name="Should not be equal to coordinate with different y" classname="com.par_28.ship_battle.model.CoordinateTest$EqualityTests" time="0.001"/>
  <system-out><![CDATA[]]></system-out>
  <system-err><![CDATA[]]></system-err>
</testsuite>
