<?xml version="1.0" encoding="UTF-8"?>
<testsuite name="Attack Recording Tests" tests="4" skipped="0" failures="0" errors="0" timestamp="2025-11-10T10:07:29.305Z" hostname="MacBook-Pro.local" time="0.001">
  <properties/>
  <testcase name="Should record sunk attack with ship" classname="com.par_28.ship_battle.model.PlayerTest$AttackRecordingTests" time="0.0"/>
  <testcase name="Should record miss attack on tracking grid" classname="com.par_28.ship_battle.model.PlayerTest$AttackRecordingTests" time="0.001"/>
  <testcase name="Should record multiple attacks on tracking grid" classname="com.par_28.ship_battle.model.PlayerTest$AttackRecordingTests" time="0.0"/>
  <testcase name="Should record hit attack and mark ship on tracking grid" classname="com.par_28.ship_battle.model.PlayerTest$AttackRecordingTests" time="0.0"/>
  <system-out><![CDATA[]]></system-out>
  <system-err><![CDATA[]]></system-err>
</testsuite>
