<?xml version="1.0" encoding="UTF-8"?>
<testsuite name="Attack Handling Tests" tests="3" skipped="0" failures="0" errors="0" timestamp="2025-11-10T10:07:29.307Z" hostname="MacBook-Pro.local" time="0.002">
  <properties/>
  <testcase name="Should receive attack and return hit for cell with ship" classname="com.par_28.ship_battle.model.PlayerTest$AttackHandlingTests" time="0.0"/>
  <testcase name="Should throw InvalidCoordinateException for invalid coordinates" classname="com.par_28.ship_battle.model.PlayerTest$AttackHandlingTests" time="0.001"/>
  <testcase name="Should receive attack and return miss for empty cell" classname="com.par_28.ship_battle.model.PlayerTest$AttackHandlingTests" time="0.001"/>
  <system-out><![CDATA[]]></system-out>
  <system-err><![CDATA[]]></system-err>
</testsuite>
