<?xml version="1.0" encoding="UTF-8"?>
<testsuite name="Cell Access Tests" tests="3" skipped="0" failures="0" errors="0" timestamp="2025-11-10T10:07:29.288Z" hostname="MacBook-Pro.local" time="0.001">
  <properties/>
  <testcase name="Should get cell at valid coordinate" classname="com.par_28.ship_battle.model.GridTest$CellAccessTests" time="0.0"/>
  <testcase name="Should throw exception for invalid coordinate" classname="com.par_28.ship_battle.model.GridTest$CellAccessTests" time="0.0"/>
  <testcase name="Should throw exception for null coordinate" classname="com.par_28.ship_battle.model.GridTest$CellAccessTests" time="0.0"/>
  <system-out><![CDATA[]]></system-out>
  <system-err><![CDATA[]]></system-err>
</testsuite>
