<?xml version="1.0" encoding="UTF-8"?>
<testsuite name="Integration Scenario Tests" tests="3" skipped="0" failures="0" errors="0" timestamp="2025-11-19T18:33:44.327Z" hostname="OHBADBOY" time="0.004">
  <properties/>
  <testcase name="Should manage complete ship placement workflow" classname="com.par_28.ship_battle.model.PlayerTest$IntegrationTests" time="0.001"/>
  <testcase name="Should transition from alive to dead when all ships destroyed" classname="com.par_28.ship_battle.model.PlayerTest$IntegrationTests" time="0.001"/>
  <testcase name="Should handle multiple attacks correctly" classname="com.par_28.ship_battle.model.PlayerTest$IntegrationTests" time="0.001"/>
  <system-out><![CDATA[]]></system-out>
  <system-err><![CDATA[]]></system-err>
</testsuite>
