<?xml version="1.0" encoding="UTF-8"?>
<testsuite name="Player Initialization Tests" tests="4" skipped="0" failures="0" errors="0" timestamp="2025-11-10T10:07:29.314Z" hostname="MacBook-Pro.local" time="0.001">
  <properties/>
  <testcase name="Should create grids with correct size" classname="com.par_28.ship_battle.model.PlayerTest$InitializationTests" time="0.0"/>
  <testcase name="Should create player with name" classname="com.par_28.ship_battle.model.PlayerTest$InitializationTests" time="0.0"/>
  <testcase name="Should create grid and tracking grid" classname="com.par_28.ship_battle.model.PlayerTest$InitializationTests" time="0.0"/>
  <testcase name="Should initialize with empty ship list" classname="com.par_28.ship_battle.model.PlayerTest$InitializationTests" time="0.0"/>
  <system-out><![CDATA[]]></system-out>
  <system-err><![CDATA[]]></system-err>
</testsuite>
