<?xml version="1.0" encoding="UTF-8"?>
<testsuite name="EasyAI State Management Tests" tests="2" skipped="0" failures="0" errors="0" timestamp="2025-11-18T09:09:53.230Z" hostname="MacBook-Pro.local" time="0.001">
  <properties/>
  <testcase name="Should not change behavior after hits" classname="com.par_28.ship_battle.model.ai.EasyAITest$StateManagementTests" time="0.001"/>
  <testcase name="Should reset successfully" classname="com.par_28.ship_battle.model.ai.EasyAITest$StateManagementTests" time="0.0"/>
  <system-out><![CDATA[]]></system-out>
  <system-err><![CDATA[]]></system-err>
</testsuite>
