<?xml version="1.0" encoding="UTF-8"?>
<testsuite name="Turn Management Tests" tests="6" skipped="0" failures="0" errors="0" timestamp="2025-11-19T18:33:44.230Z" hostname="OHBADBOY" time="0.016">
  <properties/>
  <testcase name="Should get correct opponent" classname="com.par_28.ship_battle.model.GameTest$TurnManagementTests" time="0.001"/>
  <testcase name="Should throw exception when playing turn on finished game" classname="com.par_28.ship_battle.model.GameTest$TurnManagementTests" time="0.002"/>
  <testcase name="Should increment turn counter after each turn" classname="com.par_28.ship_battle.model.GameTest$TurnManagementTests" time="0.001"/>
  <testcase name="Should play turn and attack opponent" classname="com.par_28.ship_battle.model.GameTest$TurnManagementTests" time="0.003"/>
  <testcase name="Should end game when opponent dies" classname="com.par_28.ship_battle.model.GameTest$TurnManagementTests" time="0.001"/>
  <testcase name="Should switch player after turn" classname="com.par_28.ship_battle.model.GameTest$TurnManagementTests" time="0.002"/>
  <system-out><![CDATA[]]></system-out>
  <system-err><![CDATA[]]></system-err>
</testsuite>
