<?xml version="1.0" encoding="UTF-8"?>
<testsuite name="Coordinate Parsing Error Handling Tests" tests="4" skipped="0" failures="0" errors="0" timestamp="2025-11-19T18:33:44.126Z" hostname="OHBADBOY" time="0.011">
  <properties/>
  <testcase name="Should throw exception for null input" classname="com.par_28.ship_battle.model.CoordinateTest$ParsingErrorTests" time="0.003"/>
  <testcase name="Should throw exception for whitespace only" classname="com.par_28.ship_battle.model.CoordinateTest$ParsingErrorTests" time="0.001"/>
  <testcase name="Should throw exception for empty string" classname="com.par_28.ship_battle.model.CoordinateTest$ParsingErrorTests" time="0.002"/>
  <testcase name="Should throw exception for special characters" classname="com.par_28.ship_battle.model.CoordinateTest$ParsingErrorTests" time="0.001"/>
  <system-out><![CDATA[]]></system-out>
  <system-err><![CDATA[]]></system-err>
</testsuite>
