<?xml version="1.0" encoding="UTF-8"?>
<testsuite name="Coordinate Creation Tests" tests="4" skipped="0" failures="0" errors="0" timestamp="2025-11-19T18:33:44.173Z" hostname="OHBADBOY" time="0.004">
  <properties/>
  <testcase name="Should create coordinate with valid x and y" classname="com.par_28.ship_battle.model.CoordinateTest$CreationTests" time="0.001"/>
  <testcase name="Should create coordinate with large values" classname="com.par_28.ship_battle.model.CoordinateTest$CreationTests" time="0.001"/>
  <testcase name="Should create coordinate with zero values" classname="com.par_28.ship_battle.model.CoordinateTest$CreationTests" time="0.001"/>
  <testcase name="Should create coordinate with negative values" classname="com.par_28.ship_battle.model.CoordinateTest$CreationTests" time="0.0"/>
  <system-out><![CDATA[]]></system-out>
  <system-err><![CDATA[]]></system-err>
</testsuite>
