<?xml version="1.0" encoding="UTF-8"?>
<testsuite name="Coordinate Parsing Tests - Comma Format" tests="6" skipped="0" failures="0" errors="0" timestamp="2025-11-19T18:33:44.158Z" hostname="OHBADBOY" time="0.012">
  <properties/>
  <testcase name="Should throw exception for invalid comma format with non-numeric values" classname="com.par_28.ship_battle.model.CoordinateTest$CommaFormatParsingTests" time="0.002"/>
  <testcase name="Should throw exception for single comma without values" classname="com.par_28.ship_battle.model.CoordinateTest$CommaFormatParsingTests" time="0.001"/>
  <testcase name="Should parse comma format with spaces" classname="com.par_28.ship_battle.model.CoordinateTest$CommaFormatParsingTests" time="0.001"/>
  <testcase name="Should parse comma format with zero values" classname="com.par_28.ship_battle.model.CoordinateTest$CommaFormatParsingTests" time="0.001"/>
  <testcase name="Should throw exception for invalid comma format with too many parts" classname="com.par_28.ship_battle.model.CoordinateTest$CommaFormatParsingTests" time="0.001"/>
  <testcase name="Should parse simple comma-separated format" classname="com.par_28.ship_battle.model.CoordinateTest$CommaFormatParsingTests" time="0.001"/>
  <system-out><![CDATA[]]></system-out>
  <system-err><![CDATA[]]></system-err>
</testsuite>
