<?xml version="1.0" encoding="UTF-8"?>
<testsuite name="Ship Management Tests" tests="4" skipped="0" failures="0" errors="0" timestamp="2025-11-10T10:07:29.312Z" hostname="MacBook-Pro.local" time="0.001">
  <properties/>
  <testcase name="Should throw exception when placing ship out of bounds" classname="com.par_28.ship_battle.model.PlayerTest$ShipManagementTests" time="0.0"/>
  <testcase name="Should add multiple ships to fleet" classname="com.par_28.ship_battle.model.PlayerTest$ShipManagementTests" time="0.0"/>
  <testcase name="Should place ship on grid" classname="com.par_28.ship_battle.model.PlayerTest$ShipManagementTests" time="0.0"/>
  <testcase name="Should add ship to player fleet" classname="com.par_28.ship_battle.model.PlayerTest$ShipManagementTests" time="0.0"/>
  <system-out><![CDATA[]]></system-out>
  <system-err><![CDATA[]]></system-err>
</testsuite>
