<?xml version="1.0" encoding="UTF-8"?>
<testsuite name="AIPlayer Attack Result Notification Tests" tests="3" skipped="0" failures="0" errors="0" timestamp="2025-11-18T09:09:53.219Z" hostname="MacBook-Pro.local" time="0.002">
  <properties/>
  <testcase name="Should update strategy after miss notification" classname="com.par_28.ship_battle.model.ai.AIPlayerTest$AttackResultTests" time="0.001"/>
  <testcase name="Should update strategy after sunk notification" classname="com.par_28.ship_battle.model.ai.AIPlayerTest$AttackResultTests" time="0.0"/>
  <testcase name="Should update strategy after hit notification" classname="com.par_28.ship_battle.model.ai.AIPlayerTest$AttackResultTests" time="0.0"/>
  <system-out><![CDATA[]]></system-out>
  <system-err><![CDATA[]]></system-err>
</testsuite>
