<?xml version="1.0" encoding="UTF-8"?>
<testsuite name="Ship Initialization Tests" tests="7" skipped="0" failures="0" errors="0" timestamp="2025-11-10T10:07:29.326Z" hostname="MacBook-Pro.local" time="0.002">
  <properties/>
  <testcase name="Should initialize ship with life equal to length" classname="com.par_28.ship_battle.model.ShipTest$InitializationTests" time="0.0"/>
  <testcase name="Should create Cruiser with correct name and length" classname="com.par_28.ship_battle.model.ShipTest$InitializationTests" time="0.0"/>
  <testcase name="Should initialize ship without direction" classname="com.par_28.ship_battle.model.ShipTest$InitializationTests" time="0.0"/>
  <testcase name="Should create Destroyer with correct name and length" classname="com.par_28.ship_battle.model.ShipTest$InitializationTests" time="0.0"/>
  <testcase name="Should initialize ship without positions" classname="com.par_28.ship_battle.model.ShipTest$InitializationTests" time="0.0"/>
  <testcase name="Should create Torpedo with correct name and length" classname="com.par_28.ship_battle.model.ShipTest$InitializationTests" time="0.0"/>
  <testcase name="Should create Carrier with correct name and length" classname="com.par_28.ship_battle.model.ShipTest$InitializationTests" time="0.0"/>
  <system-out><![CDATA[]]></system-out>
  <system-err><![CDATA[]]></system-err>
</testsuite>
