<?xml version="1.0" encoding="UTF-8"?>
<testsuite name="MediumAI Hunt Mode Tests" tests="2" skipped="0" failures="0" errors="0" timestamp="2025-11-18T09:09:53.245Z" hostname="MacBook-Pro.local" time="0.001">
  <properties/>
  <testcase name="Should return to HUNT mode after sinking a ship" classname="com.par_28.ship_battle.model.ai.MediumAITest$HuntModeTests" time="0.001"/>
  <testcase name="Should start in HUNT mode with random shots" classname="com.par_28.ship_battle.model.ai.MediumAITest$HuntModeTests" time="0.0"/>
  <system-out><![CDATA[]]></system-out>
  <system-err><![CDATA[]]></system-err>
</testsuite>
