<?xml version="1.0" encoding="UTF-8"?>
<testsuite name="Coordinate Validation Tests" tests="9" skipped="0" failures="0" errors="0" timestamp="2025-11-10T10:07:29.290Z" hostname="MacBook-Pro.local" time="0.005">
  <properties/>
  <testcase name="Should invalidate coordinate with negative X" classname="com.par_28.ship_battle.model.GridTest$CoordinateValidationTests" time="0.001"/>
  <testcase name="Should invalidate coordinate with negative Y" classname="com.par_28.ship_battle.model.GridTest$CoordinateValidationTests" time="0.0"/>
  <testcase name="Should validate corner coordinates" classname="com.par_28.ship_battle.model.GridTest$CoordinateValidationTests" time="0.001"/>
  <testcase name="Should invalidate coordinate with X &gt;= width" classname="com.par_28.ship_battle.model.GridTest$CoordinateValidationTests" time="0.0"/>
  <testcase name="Should invalidate null coordinate" classname="com.par_28.ship_battle.model.GridTest$CoordinateValidationTests" time="0.0"/>
  <testcase name="Should invalidate coordinate beyond limits" classname="com.par_28.ship_battle.model.GridTest$CoordinateValidationTests" time="0.0"/>
  <testcase name="Should invalidate negative coordinate" classname="com.par_28.ship_battle.model.GridTest$CoordinateValidationTests" time="0.001"/>
  <testcase name="Should invalidate coordinate with Y &gt;= height" classname="com.par_28.ship_battle.model.GridTest$CoordinateValidationTests" time="0.0"/>
  <testcase name="Should validate coordinate within bounds" classname="com.par_28.ship_battle.model.GridTest$CoordinateValidationTests" time="0.001"/>
  <system-out><![CDATA[]]></system-out>
  <system-err><![CDATA[]]></system-err>
</testsuite>
