<?xml version="1.0" encoding="UTF-8"?>
<testsuite name="Coordinate Round-trip Tests" tests="4" skipped="0" failures="0" errors="0" timestamp="2025-11-19T18:33:44.024Z" hostname="OHBADBOY" time="0.061">
  <properties/>
  <testcase name="Should handle letter format to comma format conversion" classname="com.par_28.ship_battle.model.CoordinateTest$RoundTripTests" time="0.054"/>
  <testcase name="Coordinates parsed from different formats with same values should be equal" classname="com.par_28.ship_battle.model.CoordinateTest$RoundTripTests" time="0.001"/>
  <testcase name="Should parse and toString consistently" classname="com.par_28.ship_battle.model.CoordinateTest$RoundTripTests" time="0.001"/>
  <testcase name="Should round-trip comma format correctly" classname="com.par_28.ship_battle.model.CoordinateTest$RoundTripTests" time="0.0"/>
  <system-out><![CDATA[]]></system-out>
  <system-err><![CDATA[]]></system-err>
</testsuite>
