<?xml version="1.0" encoding="UTF-8"?>
<testsuite name="AIPlayer Creation Tests" tests="3" skipped="0" failures="0" errors="0" timestamp="2025-11-19T18:33:44.469Z" hostname="OHBADBOY" time="0.005">
  <properties/>
  <testcase name="Should create AIPlayer with EASY difficulty" classname="com.par_28.ship_battle.model.ai.AIPlayerTest$CreationTests" time="0.002"/>
  <testcase name="Should create AIPlayer with HARD difficulty" classname="com.par_28.ship_battle.model.ai.AIPlayerTest$CreationTests" time="0.0"/>
  <testcase name="Should create AIPlayer with MEDIUM difficulty" classname="com.par_28.ship_battle.model.ai.AIPlayerTest$CreationTests" time="0.001"/>
  <system-out><![CDATA[]]></system-out>
  <system-err><![CDATA[]]></system-err>
</testsuite>
