<?xml version="1.0" encoding="UTF-8"?>
<testsuite name="Attack Handling Tests" tests="6" skipped="0" failures="0" errors="0" timestamp="2025-11-10T10:07:29.278Z" hostname="MacBook-Pro.local" time="0.003">
  <properties/>
  <testcase name="Should throw exception when attacking invalid coordinate" classname="com.par_28.ship_battle.model.GridTest$AttackHandlingTests" time="0.0"/>
  <testcase name="Should return ALREADY_HIT when attacking same cell twice" classname="com.par_28.ship_battle.model.GridTest$AttackHandlingTests" time="0.001"/>
  <testcase name="Should return SUNK when attacking destroys ship" classname="com.par_28.ship_battle.model.GridTest$AttackHandlingTests" time="0.001"/>
  <testcase name="Should return MISS when attacking empty cell" classname="com.par_28.ship_battle.model.GridTest$AttackHandlingTests" time="0.0"/>
  <testcase name="Should mark cell as shot after attack" classname="com.par_28.ship_battle.model.GridTest$AttackHandlingTests" time="0.0"/>
  <testcase name="Should return HIT when attacking cell with ship" classname="com.par_28.ship_battle.model.GridTest$AttackHandlingTests" time="0.0"/>
  <system-out><![CDATA[]]></system-out>
  <system-err><![CDATA[]]></system-err>
</testsuite>
