<?xml version="1.0" encoding="UTF-8"?>
<testsuite name="Getter Tests" tests="4" skipped="0" failures="0" errors="0" timestamp="2025-11-19T18:33:44.334Z" hostname="OHBADBOY" time="0.004">
  <properties/>
  <testcase name="Should return correct player name" classname="com.par_28.ship_battle.model.PlayerTest$GetterTests" time="0.001"/>
  <testcase name="Should return grid" classname="com.par_28.ship_battle.model.PlayerTest$GetterTests" time="0.0"/>
  <testcase name="Should return tracking grid" classname="com.par_28.ship_battle.model.PlayerTest$GetterTests" time="0.0"/>
  <testcase name="Should return ships list" classname="com.par_28.ship_battle.model.PlayerTest$GetterTests" time="0.0"/>
  <system-out><![CDATA[]]></system-out>
  <system-err><![CDATA[]]></system-err>
</testsuite>
